2018-10-25 13:23:16.644  INFO 17436 --- [main] cn.keking.FilePreviewApplication         : Starting FilePreviewApplication on 6HBEIXUXCQTTFQS with PID 17436 (E:\minespace\springboot-modules\file-web\target\classes started by Administrator in E:\minespace\springboot-modules\file-web)
2018-10-25 13:23:16.665  INFO 17436 --- [main] cn.keking.FilePreviewApplication         : The following profiles are active: dev
2018-10-25 13:23:16.735  INFO 17436 --- [main] ationConfigEmbeddedWebApplicationContext : Refreshing org.springframework.boot.context.embedded.AnnotationConfigEmbeddedWebApplicationContext@6025e1b6: startup date [Thu Oct 25 13:23:16 GMT+08:00 2018]; root of context hierarchy
2018-10-25 13:23:19.249  INFO 17436 --- [main] s.b.c.e.t.TomcatEmbeddedServletContainer : Tomcat initialized with port(s): 8012 (http)
2018-10-25 13:23:19.265  INFO 17436 --- [main] o.apache.catalina.core.StandardService   : Starting service [Tomcat]
2018-10-25 13:23:19.266  INFO 17436 --- [main] org.apache.catalina.core.StandardEngine  : Starting Servlet Engine: Apache Tomcat/8.5.23
2018-10-25 13:23:19.424  INFO 17436 --- [localhost-startStop-1] o.a.c.c.C.[Tomcat].[localhost].[/]       : Initializing Spring embedded WebApplicationContext
2018-10-25 13:23:19.425  INFO 17436 --- [localhost-startStop-1] o.s.web.context.ContextLoader            : Root WebApplicationContext: initialization completed in 2696 ms
2018-10-25 13:23:19.704  INFO 17436 --- [localhost-startStop-1] o.s.b.w.servlet.FilterRegistrationBean   : Mapping filter: 'characterEncodingFilter' to: [/*]
2018-10-25 13:23:19.707  INFO 17436 --- [localhost-startStop-1] o.s.b.w.servlet.FilterRegistrationBean   : Mapping filter: 'hiddenHttpMethodFilter' to: [/*]
2018-10-25 13:23:19.708  INFO 17436 --- [localhost-startStop-1] o.s.b.w.servlet.FilterRegistrationBean   : Mapping filter: 'httpPutFormContentFilter' to: [/*]
2018-10-25 13:23:19.708  INFO 17436 --- [localhost-startStop-1] o.s.b.w.servlet.FilterRegistrationBean   : Mapping filter: 'requestContextFilter' to: [/*]
2018-10-25 13:23:19.709  INFO 17436 --- [localhost-startStop-1] o.s.b.w.servlet.FilterRegistrationBean   : Mapping filter: 'chinesePathFilter' to: [/*]
2018-10-25 13:23:19.711  INFO 17436 --- [localhost-startStop-1] o.s.b.w.servlet.ServletRegistrationBean  : Mapping servlet: 'dispatcherServlet' to [/]
2018-10-25 13:23:20.258  INFO 17436 --- [main] org.redisson.Version                     : Redisson 3.2.0
2018-10-25 13:23:20.400  INFO 17436 --- [nioEventLoopGroup-2-7] o.r.c.pool.SinglePubSubConnectionPool    : 1 connections initialized for /127.0.0.1:6379
2018-10-25 13:23:20.400  INFO 17436 --- [nioEventLoopGroup-2-5] o.r.c.pool.MasterConnectionPool          : 10 connections initialized for /127.0.0.1:6379
2018-10-25 13:23:20.428  INFO 17436 --- [main] cn.keking.service.FileConverQueueTask    : 澶浠惰浆浠诲″ㄥ 
2018-10-25 13:23:20.538  INFO 17436 --- [main] o.a.j.office.ProcessPoolOfficeManager    : ProcessManager implementation is PureJavaProcessManager
2018-10-25 13:23:20.542  WARN 17436 --- [OfficeProcessThread-0] o.a.jodconverter.office.OfficeProcess    : profile dir 'C:\Users\ADMINI~1\AppData\Local\Temp\.jodconverter_socket_host-127.0.0.1_port-8100' already exists; deleting
2018-10-25 13:23:20.878  INFO 17436 --- [OfficeProcessThread-0] o.a.jodconverter.office.OfficeProcess    : starting process with acceptString 'socket,host=127.0.0.1,port=8100,tcpNoDelay=1' and profileDir 'C:\Users\ADMINI~1\AppData\Local\Temp\.jodconverter_socket_host-127.0.0.1_port-8100'
2018-10-25 13:23:20.950  INFO 17436 --- [OfficeProcessThread-0] o.a.jodconverter.office.OfficeProcess    : started process
2018-10-25 13:23:22.311  INFO 17436 --- [OfficeProcessThread-0] o.a.j.office.OfficeConnection            : connected: 'socket,host=127.0.0.1,port=8100,tcpNoDelay=1'
2018-10-25 13:23:22.755  INFO 17436 --- [main] s.w.s.m.m.a.RequestMappingHandlerAdapter : Looking for @ControllerAdvice: org.springframework.boot.context.embedded.AnnotationConfigEmbeddedWebApplicationContext@6025e1b6: startup date [Thu Oct 25 13:23:16 GMT+08:00 2018]; root of context hierarchy
2018-10-25 13:23:22.827  INFO 17436 --- [main] s.w.s.m.m.a.RequestMappingHandlerMapping : Mapped "{[/deleteFile],methods=[GET]}" onto public java.lang.String cn.keking.web.controller.FileController.deleteFile(java.lang.String) throws com.fasterxml.jackson.core.JsonProcessingException
2018-10-25 13:23:22.829  INFO 17436 --- [main] s.w.s.m.m.a.RequestMappingHandlerMapping : Mapped "{[/listFiles],methods=[GET]}" onto public java.lang.String cn.keking.web.controller.FileController.getFiles() throws com.fasterxml.jackson.core.JsonProcessingException
2018-10-25 13:23:22.830  INFO 17436 --- [main] s.w.s.m.m.a.RequestMappingHandlerMapping : Mapped "{[/fileUpload],methods=[POST]}" onto public java.lang.String cn.keking.web.controller.FileController.fileUpload(org.springframework.web.multipart.MultipartFile,javax.servlet.http.HttpServletRequest) throws com.fasterxml.jackson.core.JsonProcessingException
2018-10-25 13:23:22.830  INFO 17436 --- [main] s.w.s.m.m.a.RequestMappingHandlerMapping : Mapped "{[/],methods=[GET]}" onto public java.lang.String cn.keking.web.controller.IndexController.root()
2018-10-25 13:23:22.831  INFO 17436 --- [main] s.w.s.m.m.a.RequestMappingHandlerMapping : Mapped "{[/index],methods=[GET]}" onto public java.lang.String cn.keking.web.controller.IndexController.go2Index()
2018-10-25 13:23:22.834  INFO 17436 --- [main] s.w.s.m.m.a.RequestMappingHandlerMapping : Mapped "{[/picturesPreview],methods=[POST]}" onto public java.lang.String cn.keking.web.controller.OnlinePreviewController.picturesPreview(org.springframework.ui.Model,javax.servlet.http.HttpServletRequest) throws java.io.UnsupportedEncodingException
2018-10-25 13:23:22.836  INFO 17436 --- [main] s.w.s.m.m.a.RequestMappingHandlerMapping : Mapped "{[/picturesPreview],methods=[GET]}" onto public java.lang.String cn.keking.web.controller.OnlinePreviewController.picturesPreview(java.lang.String,java.lang.String,org.springframework.ui.Model,javax.servlet.http.HttpServletRequest) throws java.io.UnsupportedEncodingException
2018-10-25 13:23:22.836  INFO 17436 --- [main] s.w.s.m.m.a.RequestMappingHandlerMapping : Mapped "{[/addTask],methods=[GET]}" onto public java.lang.String cn.keking.web.controller.OnlinePreviewController.addQueueTask(java.lang.String)
2018-10-25 13:23:22.838  INFO 17436 --- [main] s.w.s.m.m.a.RequestMappingHandlerMapping : Mapped "{[/getCorsFile],methods=[GET]}" onto public void cn.keking.web.controller.OnlinePreviewController.getCorsFile(java.lang.String,javax.servlet.http.HttpServletResponse)
2018-10-25 13:23:22.839  INFO 17436 --- [main] s.w.s.m.m.a.RequestMappingHandlerMapping : Mapped "{[/onlinePreview],methods=[GET]}" onto public java.lang.String cn.keking.web.controller.OnlinePreviewController.onlinePreview(java.lang.String,org.springframework.ui.Model,javax.servlet.http.HttpServletRequest)
2018-10-25 13:23:22.843  INFO 17436 --- [main] s.w.s.m.m.a.RequestMappingHandlerMapping : Mapped "{[/error]}" onto public org.springframework.http.ResponseEntity<java.util.Map<java.lang.String, java.lang.Object>> org.springframework.boot.autoconfigure.web.BasicErrorController.error(javax.servlet.http.HttpServletRequest)
2018-10-25 13:23:22.844  INFO 17436 --- [main] s.w.s.m.m.a.RequestMappingHandlerMapping : Mapped "{[/error],produces=[text/html]}" onto public org.springframework.web.servlet.ModelAndView org.springframework.boot.autoconfigure.web.BasicErrorController.errorHtml(javax.servlet.http.HttpServletRequest,javax.servlet.http.HttpServletResponse)
2018-10-25 13:23:22.889  INFO 17436 --- [main] o.s.w.s.handler.SimpleUrlHandlerMapping  : Mapped URL path [/webjars/**] onto handler of type [class org.springframework.web.servlet.resource.ResourceHttpRequestHandler]
2018-10-25 13:23:22.891  INFO 17436 --- [main] o.s.w.s.handler.SimpleUrlHandlerMapping  : Mapped URL path [/**] onto handler of type [class org.springframework.web.servlet.resource.ResourceHttpRequestHandler]
2018-10-25 13:23:23.008  INFO 17436 --- [main] o.s.w.s.handler.SimpleUrlHandlerMapping  : Mapped URL path [/**/favicon.ico] onto handler of type [class org.springframework.web.servlet.resource.ResourceHttpRequestHandler]
2018-10-25 13:23:23.284  INFO 17436 --- [main] o.s.w.s.v.f.FreeMarkerConfigurer         : ClassTemplateLoader for Spring macros added to FreeMarker configuration
2018-10-25 13:23:23.397  INFO 17436 --- [main] o.s.j.e.a.AnnotationMBeanExporter        : Registering beans for JMX exposure on startup
2018-10-25 13:23:23.669  INFO 17436 --- [main] s.b.c.e.t.TomcatEmbeddedServletContainer : Tomcat started on port(s): 8012 (http)
2018-10-25 13:23:23.675  INFO 17436 --- [main] cn.keking.FilePreviewApplication         : Started FilePreviewApplication in 7.429 seconds (JVM running for 10.268)
2018-10-25 13:24:06.553  INFO 17436 --- [http-nio-8012-exec-1] o.a.c.c.C.[Tomcat].[localhost].[/]       : Initializing Spring FrameworkServlet 'dispatcherServlet'
2018-10-25 13:24:06.554  INFO 17436 --- [http-nio-8012-exec-1] o.s.web.servlet.DispatcherServlet        : FrameworkServlet 'dispatcherServlet': initialization started
2018-10-25 13:24:06.588  INFO 17436 --- [http-nio-8012-exec-1] o.s.web.servlet.DispatcherServlet        : FrameworkServlet 'dispatcherServlet': initialization completed in 34 ms
2018-10-29 09:07:15.264  INFO   --- [main] .b.t.c.SpringBootTestContextBootstrapper : Neither @ContextConfiguration nor @ContextHierarchy found for test class [cn.keking.FilePreviewApplicationTests], using SpringBootContextLoader
2018-10-29 09:07:15.308  INFO   --- [main] o.s.t.c.support.AbstractContextLoader    : Could not detect default resource locations for test class [cn.keking.FilePreviewApplicationTests]: no resource found for suffixes {-context.xml, Context.groovy}.
2018-10-29 09:07:15.310  INFO   --- [main] t.c.s.AnnotationConfigContextLoaderUtils : Could not detect default configuration classes for test class [cn.keking.FilePreviewApplicationTests]: FilePreviewApplicationTests does not declare any static, non-private, non-final, nested classes annotated with @Configuration.
2018-10-29 09:07:15.485  INFO   --- [main] .b.t.c.SpringBootTestContextBootstrapper : Found @SpringBootConfiguration cn.keking.FilePreviewApplication for test class cn.keking.FilePreviewApplicationTests
2018-10-29 09:07:15.504  INFO   --- [main] .b.t.c.SpringBootTestContextBootstrapper : Loaded default TestExecutionListener class names from location [META-INF/spring.factories]: [org.springframework.boot.test.mock.mockito.MockitoTestExecutionListener, org.springframework.boot.test.mock.mockito.ResetMocksTestExecutionListener, org.springframework.boot.test.autoconfigure.restdocs.RestDocsTestExecutionListener, org.springframework.boot.test.autoconfigure.web.client.MockRestServiceServerResetTestExecutionListener, org.springframework.boot.test.autoconfigure.web.servlet.MockMvcPrintOnlyOnFailureTestExecutionListener, org.springframework.boot.test.autoconfigure.web.servlet.WebDriverTestExecutionListener, org.springframework.test.context.web.ServletTestExecutionListener, org.springframework.test.context.support.DirtiesContextBeforeModesTestExecutionListener, org.springframework.test.context.support.DependencyInjectionTestExecutionListener, org.springframework.test.context.support.DirtiesContextTestExecutionListener, org.springframework.test.context.transaction.TransactionalTestExecutionListener, org.springframework.test.context.jdbc.SqlScriptsTestExecutionListener]
2018-10-29 09:07:15.569  INFO   --- [main] .b.t.c.SpringBootTestContextBootstrapper : Could not instantiate TestExecutionListener [org.springframework.test.context.jdbc.SqlScriptsTestExecutionListener]. Specify custom listener classes or make the default listener classes (and their required dependencies) available. Offending class: [org/springframework/transaction/interceptor/TransactionAttribute]
2018-10-29 09:07:15.574  INFO   --- [main] .b.t.c.SpringBootTestContextBootstrapper : Could not instantiate TestExecutionListener [org.springframework.test.context.transaction.TransactionalTestExecutionListener]. Specify custom listener classes or make the default listener classes (and their required dependencies) available. Offending class: [org/springframework/transaction/interceptor/TransactionAttributeSource]
2018-10-29 09:07:15.576  INFO   --- [main] .b.t.c.SpringBootTestContextBootstrapper : Using TestExecutionListeners: [org.springframework.test.context.web.ServletTestExecutionListener@4d0f2471, org.springframework.test.context.support.DirtiesContextBeforeModesTestExecutionListener@7133da86, org.springframework.boot.test.autoconfigure.SpringBootDependencyInjectionTestExecutionListener@3232a28a, org.springframework.test.context.support.DirtiesContextTestExecutionListener@73e22a3d, org.springframework.boot.test.autoconfigure.restdocs.RestDocsTestExecutionListener@47faa49c, org.springframework.boot.test.autoconfigure.web.servlet.WebDriverTestExecutionListener@28f2a10f, org.springframework.boot.test.mock.mockito.ResetMocksTestExecutionListener@f736069, org.springframework.boot.test.autoconfigure.web.servlet.MockMvcPrintOnlyOnFailureTestExecutionListener@6da21078, org.springframework.boot.test.mock.mockito.MockitoTestExecutionListener@7fee8714, org.springframework.boot.test.autoconfigure.web.client.MockRestServiceServerResetTestExecutionListener@4229bb3f]
2018-10-29 09:07:15.585  INFO   --- [main] .b.t.c.SpringBootTestContextBootstrapper : Neither @ContextConfiguration nor @ContextHierarchy found for test class [cn.keking.FilePreviewApplicationTests], using SpringBootContextLoader
2018-10-29 09:07:15.589  INFO   --- [main] o.s.t.c.support.AbstractContextLoader    : Could not detect default resource locations for test class [cn.keking.FilePreviewApplicationTests]: no resource found for suffixes {-context.xml, Context.groovy}.
2018-10-29 09:07:15.590  INFO   --- [main] t.c.s.AnnotationConfigContextLoaderUtils : Could not detect default configuration classes for test class [cn.keking.FilePreviewApplicationTests]: FilePreviewApplicationTests does not declare any static, non-private, non-final, nested classes annotated with @Configuration.
2018-10-29 09:07:15.597  INFO   --- [main] .b.t.c.SpringBootTestContextBootstrapper : Found @SpringBootConfiguration cn.keking.FilePreviewApplication for test class cn.keking.FilePreviewApplicationTests
2018-10-29 09:07:15.612  INFO   --- [main] .b.t.c.SpringBootTestContextBootstrapper : Loaded default TestExecutionListener class names from location [META-INF/spring.factories]: [org.springframework.boot.test.mock.mockito.MockitoTestExecutionListener, org.springframework.boot.test.mock.mockito.ResetMocksTestExecutionListener, org.springframework.boot.test.autoconfigure.restdocs.RestDocsTestExecutionListener, org.springframework.boot.test.autoconfigure.web.client.MockRestServiceServerResetTestExecutionListener, org.springframework.boot.test.autoconfigure.web.servlet.MockMvcPrintOnlyOnFailureTestExecutionListener, org.springframework.boot.test.autoconfigure.web.servlet.WebDriverTestExecutionListener, org.springframework.test.context.web.ServletTestExecutionListener, org.springframework.test.context.support.DirtiesContextBeforeModesTestExecutionListener, org.springframework.test.context.support.DependencyInjectionTestExecutionListener, org.springframework.test.context.support.DirtiesContextTestExecutionListener, org.springframework.test.context.transaction.TransactionalTestExecutionListener, org.springframework.test.context.jdbc.SqlScriptsTestExecutionListener]
2018-10-29 09:07:15.617  INFO   --- [main] .b.t.c.SpringBootTestContextBootstrapper : Could not instantiate TestExecutionListener [org.springframework.test.context.jdbc.SqlScriptsTestExecutionListener]. Specify custom listener classes or make the default listener classes (and their required dependencies) available. Offending class: [org/springframework/transaction/interceptor/TransactionAttribute]
2018-10-29 09:07:15.619  INFO   --- [main] .b.t.c.SpringBootTestContextBootstrapper : Could not instantiate TestExecutionListener [org.springframework.test.context.transaction.TransactionalTestExecutionListener]. Specify custom listener classes or make the default listener classes (and their required dependencies) available. Offending class: [org/springframework/transaction/interceptor/TransactionAttributeSource]
2018-10-29 09:07:15.620  INFO   --- [main] .b.t.c.SpringBootTestContextBootstrapper : Using TestExecutionListeners: [org.springframework.test.context.web.ServletTestExecutionListener@53ce1329, org.springframework.test.context.support.DirtiesContextBeforeModesTestExecutionListener@316bcf94, org.springframework.boot.test.autoconfigure.SpringBootDependencyInjectionTestExecutionListener@6404f418, org.springframework.test.context.support.DirtiesContextTestExecutionListener@3e11f9e9, org.springframework.boot.test.autoconfigure.restdocs.RestDocsTestExecutionListener@1de5f259, org.springframework.boot.test.autoconfigure.web.servlet.WebDriverTestExecutionListener@729d991e, org.springframework.boot.test.mock.mockito.ResetMocksTestExecutionListener@31fa1761, org.springframework.boot.test.autoconfigure.web.servlet.MockMvcPrintOnlyOnFailureTestExecutionListener@957e06, org.springframework.boot.test.mock.mockito.MockitoTestExecutionListener@32502377, org.springframework.boot.test.autoconfigure.web.client.MockRestServiceServerResetTestExecutionListener@2c1b194a]
2018-10-29 09:07:16.117  INFO 12392 --- [main] cn.keking.FilePreviewApplicationTests    : Starting FilePreviewApplicationTests on 6HBEIXUXCQTTFQS with PID 12392 (started by Administrator in E:\minespace\springboot-modules\file-web)
2018-10-29 09:07:16.118  INFO 12392 --- [main] cn.keking.FilePreviewApplicationTests    : The following profiles are active: dev
2018-10-29 09:07:16.188  INFO 12392 --- [main] o.s.w.c.s.GenericWebApplicationContext   : Refreshing org.springframework.web.context.support.GenericWebApplicationContext@5170bcf4: startup date [Mon Oct 29 09:07:16 GMT+08:00 2018]; root of context hierarchy
2018-10-29 09:07:19.018  INFO 12392 --- [main] org.redisson.Version                     : Redisson 3.2.0
2018-10-29 09:07:19.321  INFO 12392 --- [nioEventLoopGroup-2-6] o.r.c.pool.MasterConnectionPool          : 10 connections initialized for /127.0.0.1:6379
2018-10-29 09:07:19.321  INFO 12392 --- [nioEventLoopGroup-2-7] o.r.c.pool.SinglePubSubConnectionPool    : 1 connections initialized for /127.0.0.1:6379
2018-10-29 09:07:19.372  INFO 12392 --- [main] cn.keking.service.FileConverQueueTask    : 队列处理文件转换任务启动完成 
2018-10-29 09:07:19.507  INFO 12392 --- [main] o.a.j.office.ProcessPoolOfficeManager    : ProcessManager implementation is PureJavaProcessManager
2018-10-29 09:07:19.510  INFO 12392 --- [OfficeProcessThread-0] o.a.jodconverter.office.OfficeProcess    : starting process with acceptString 'socket,host=127.0.0.1,port=8100,tcpNoDelay=1' and profileDir 'C:\Users\ADMINI~1\AppData\Local\Temp\.jodconverter_socket_host-127.0.0.1_port-8100'
2018-10-29 09:07:19.718  INFO 12392 --- [OfficeProcessThread-0] o.a.jodconverter.office.OfficeProcess    : started process
2018-10-29 09:07:25.877  INFO 12392 --- [OfficeProcessThread-0] o.a.j.office.OfficeConnection            : connected: 'socket,host=127.0.0.1,port=8100,tcpNoDelay=1'
2018-10-29 09:07:26.719  INFO 12392 --- [main] s.w.s.m.m.a.RequestMappingHandlerAdapter : Looking for @ControllerAdvice: org.springframework.web.context.support.GenericWebApplicationContext@5170bcf4: startup date [Mon Oct 29 09:07:16 GMT+08:00 2018]; root of context hierarchy
2018-10-29 09:07:26.837  INFO 12392 --- [main] s.w.s.m.m.a.RequestMappingHandlerMapping : Mapped "{[/listFiles],methods=[GET]}" onto public java.lang.String cn.keking.web.controller.FileController.getFiles() throws com.fasterxml.jackson.core.JsonProcessingException
2018-10-29 09:07:26.840  INFO 12392 --- [main] s.w.s.m.m.a.RequestMappingHandlerMapping : Mapped "{[/deleteFile],methods=[GET]}" onto public java.lang.String cn.keking.web.controller.FileController.deleteFile(java.lang.String) throws com.fasterxml.jackson.core.JsonProcessingException
2018-10-29 09:07:26.842  INFO 12392 --- [main] s.w.s.m.m.a.RequestMappingHandlerMapping : Mapped "{[/fileUpload],methods=[POST]}" onto public java.lang.String cn.keking.web.controller.FileController.fileUpload(org.springframework.web.multipart.MultipartFile,javax.servlet.http.HttpServletRequest) throws com.fasterxml.jackson.core.JsonProcessingException
2018-10-29 09:07:26.844  INFO 12392 --- [main] s.w.s.m.m.a.RequestMappingHandlerMapping : Mapped "{[/],methods=[GET]}" onto public java.lang.String cn.keking.web.controller.IndexController.root()
2018-10-29 09:07:26.845  INFO 12392 --- [main] s.w.s.m.m.a.RequestMappingHandlerMapping : Mapped "{[/index],methods=[GET]}" onto public java.lang.String cn.keking.web.controller.IndexController.go2Index()
2018-10-29 09:07:26.851  INFO 12392 --- [main] s.w.s.m.m.a.RequestMappingHandlerMapping : Mapped "{[/onlinePreview],methods=[GET]}" onto public java.lang.String cn.keking.web.controller.OnlinePreviewController.onlinePreview(java.lang.String,org.springframework.ui.Model,javax.servlet.http.HttpServletRequest)
2018-10-29 09:07:26.852  INFO 12392 --- [main] s.w.s.m.m.a.RequestMappingHandlerMapping : Mapped "{[/getCorsFile],methods=[GET]}" onto public void cn.keking.web.controller.OnlinePreviewController.getCorsFile(java.lang.String,javax.servlet.http.HttpServletResponse)
2018-10-29 09:07:26.854  INFO 12392 --- [main] s.w.s.m.m.a.RequestMappingHandlerMapping : Mapped "{[/picturesPreview],methods=[POST]}" onto public java.lang.String cn.keking.web.controller.OnlinePreviewController.picturesPreview(org.springframework.ui.Model,javax.servlet.http.HttpServletRequest) throws java.io.UnsupportedEncodingException
2018-10-29 09:07:26.855  INFO 12392 --- [main] s.w.s.m.m.a.RequestMappingHandlerMapping : Mapped "{[/picturesPreview],methods=[GET]}" onto public java.lang.String cn.keking.web.controller.OnlinePreviewController.picturesPreview(java.lang.String,java.lang.String,org.springframework.ui.Model,javax.servlet.http.HttpServletRequest) throws java.io.UnsupportedEncodingException
2018-10-29 09:07:26.857  INFO 12392 --- [main] s.w.s.m.m.a.RequestMappingHandlerMapping : Mapped "{[/addTask],methods=[GET]}" onto public java.lang.String cn.keking.web.controller.OnlinePreviewController.addQueueTask(java.lang.String)
2018-10-29 09:07:26.862  INFO 12392 --- [main] s.w.s.m.m.a.RequestMappingHandlerMapping : Mapped "{[/error]}" onto public org.springframework.http.ResponseEntity<java.util.Map<java.lang.String, java.lang.Object>> org.springframework.boot.autoconfigure.web.BasicErrorController.error(javax.servlet.http.HttpServletRequest)
2018-10-29 09:07:26.864  INFO 12392 --- [main] s.w.s.m.m.a.RequestMappingHandlerMapping : Mapped "{[/error],produces=[text/html]}" onto public org.springframework.web.servlet.ModelAndView org.springframework.boot.autoconfigure.web.BasicErrorController.errorHtml(javax.servlet.http.HttpServletRequest,javax.servlet.http.HttpServletResponse)
2018-10-29 09:07:26.923  INFO 12392 --- [main] o.s.w.s.handler.SimpleUrlHandlerMapping  : Mapped URL path [/webjars/**] onto handler of type [class org.springframework.web.servlet.resource.ResourceHttpRequestHandler]
2018-10-29 09:07:26.924  INFO 12392 --- [main] o.s.w.s.handler.SimpleUrlHandlerMapping  : Mapped URL path [/**] onto handler of type [class org.springframework.web.servlet.resource.ResourceHttpRequestHandler]
2018-10-29 09:07:27.022  INFO 12392 --- [main] o.s.w.s.handler.SimpleUrlHandlerMapping  : Mapped URL path [/**/favicon.ico] onto handler of type [class org.springframework.web.servlet.resource.ResourceHttpRequestHandler]
2018-10-29 09:07:27.476  INFO 12392 --- [main] o.s.w.s.v.f.FreeMarkerConfigurer         : ClassTemplateLoader for Spring macros added to FreeMarker configuration
2018-10-29 09:07:27.684  INFO 12392 --- [main] cn.keking.FilePreviewApplicationTests    : Started FilePreviewApplicationTests in 11.972 seconds (JVM running for 13.751)
2018-10-29 09:07:27.830  INFO 12392 --- [Thread-3] o.s.w.c.s.GenericWebApplicationContext   : Closing org.springframework.web.context.support.GenericWebApplicationContext@5170bcf4: startup date [Mon Oct 29 09:07:16 GMT+08:00 2018]; root of context hierarchy
2018-10-29 09:10:38.576  INFO   --- [main] .b.t.c.SpringBootTestContextBootstrapper : Neither @ContextConfiguration nor @ContextHierarchy found for test class [cn.keking.FilePreviewApplicationTests], using SpringBootContextLoader
2018-10-29 09:10:38.605  INFO   --- [main] o.s.t.c.support.AbstractContextLoader    : Could not detect default resource locations for test class [cn.keking.FilePreviewApplicationTests]: no resource found for suffixes {-context.xml, Context.groovy}.
2018-10-29 09:10:38.608  INFO   --- [main] t.c.s.AnnotationConfigContextLoaderUtils : Could not detect default configuration classes for test class [cn.keking.FilePreviewApplicationTests]: FilePreviewApplicationTests does not declare any static, non-private, non-final, nested classes annotated with @Configuration.
2018-10-29 09:10:38.760  INFO   --- [main] .b.t.c.SpringBootTestContextBootstrapper : Found @SpringBootConfiguration cn.keking.FilePreviewApplication for test class cn.keking.FilePreviewApplicationTests
2018-10-29 09:10:38.777  INFO   --- [main] .b.t.c.SpringBootTestContextBootstrapper : Loaded default TestExecutionListener class names from location [META-INF/spring.factories]: [org.springframework.boot.test.mock.mockito.MockitoTestExecutionListener, org.springframework.boot.test.mock.mockito.ResetMocksTestExecutionListener, org.springframework.boot.test.autoconfigure.restdocs.RestDocsTestExecutionListener, org.springframework.boot.test.autoconfigure.web.client.MockRestServiceServerResetTestExecutionListener, org.springframework.boot.test.autoconfigure.web.servlet.MockMvcPrintOnlyOnFailureTestExecutionListener, org.springframework.boot.test.autoconfigure.web.servlet.WebDriverTestExecutionListener, org.springframework.test.context.web.ServletTestExecutionListener, org.springframework.test.context.support.DirtiesContextBeforeModesTestExecutionListener, org.springframework.test.context.support.DependencyInjectionTestExecutionListener, org.springframework.test.context.support.DirtiesContextTestExecutionListener, org.springframework.test.context.transaction.TransactionalTestExecutionListener, org.springframework.test.context.jdbc.SqlScriptsTestExecutionListener]
2018-10-29 09:10:38.802  INFO   --- [main] .b.t.c.SpringBootTestContextBootstrapper : Could not instantiate TestExecutionListener [org.springframework.test.context.jdbc.SqlScriptsTestExecutionListener]. Specify custom listener classes or make the default listener classes (and their required dependencies) available. Offending class: [org/springframework/transaction/interceptor/TransactionAttribute]
2018-10-29 09:10:38.808  INFO   --- [main] .b.t.c.SpringBootTestContextBootstrapper : Could not instantiate TestExecutionListener [org.springframework.test.context.transaction.TransactionalTestExecutionListener]. Specify custom listener classes or make the default listener classes (and their required dependencies) available. Offending class: [org/springframework/transaction/interceptor/TransactionAttributeSource]
2018-10-29 09:10:38.812  INFO   --- [main] .b.t.c.SpringBootTestContextBootstrapper : Using TestExecutionListeners: [org.springframework.test.context.web.ServletTestExecutionListener@4d0f2471, org.springframework.test.context.support.DirtiesContextBeforeModesTestExecutionListener@7133da86, org.springframework.boot.test.autoconfigure.SpringBootDependencyInjectionTestExecutionListener@3232a28a, org.springframework.test.context.support.DirtiesContextTestExecutionListener@73e22a3d, org.springframework.boot.test.autoconfigure.restdocs.RestDocsTestExecutionListener@47faa49c, org.springframework.boot.test.autoconfigure.web.servlet.WebDriverTestExecutionListener@28f2a10f, org.springframework.boot.test.mock.mockito.ResetMocksTestExecutionListener@f736069, org.springframework.boot.test.autoconfigure.web.servlet.MockMvcPrintOnlyOnFailureTestExecutionListener@6da21078, org.springframework.boot.test.mock.mockito.MockitoTestExecutionListener@7fee8714, org.springframework.boot.test.autoconfigure.web.client.MockRestServiceServerResetTestExecutionListener@4229bb3f]
2018-10-29 09:10:38.825  INFO   --- [main] .b.t.c.SpringBootTestContextBootstrapper : Neither @ContextConfiguration nor @ContextHierarchy found for test class [cn.keking.FilePreviewApplicationTests], using SpringBootContextLoader
2018-10-29 09:10:38.829  INFO   --- [main] o.s.t.c.support.AbstractContextLoader    : Could not detect default resource locations for test class [cn.keking.FilePreviewApplicationTests]: no resource found for suffixes {-context.xml, Context.groovy}.
2018-10-29 09:10:38.831  INFO   --- [main] t.c.s.AnnotationConfigContextLoaderUtils : Could not detect default configuration classes for test class [cn.keking.FilePreviewApplicationTests]: FilePreviewApplicationTests does not declare any static, non-private, non-final, nested classes annotated with @Configuration.
2018-10-29 09:10:38.838  INFO   --- [main] .b.t.c.SpringBootTestContextBootstrapper : Found @SpringBootConfiguration cn.keking.FilePreviewApplication for test class cn.keking.FilePreviewApplicationTests
2018-10-29 09:10:38.846  INFO   --- [main] .b.t.c.SpringBootTestContextBootstrapper : Loaded default TestExecutionListener class names from location [META-INF/spring.factories]: [org.springframework.boot.test.mock.mockito.MockitoTestExecutionListener, org.springframework.boot.test.mock.mockito.ResetMocksTestExecutionListener, org.springframework.boot.test.autoconfigure.restdocs.RestDocsTestExecutionListener, org.springframework.boot.test.autoconfigure.web.client.MockRestServiceServerResetTestExecutionListener, org.springframework.boot.test.autoconfigure.web.servlet.MockMvcPrintOnlyOnFailureTestExecutionListener, org.springframework.boot.test.autoconfigure.web.servlet.WebDriverTestExecutionListener, org.springframework.test.context.web.ServletTestExecutionListener, org.springframework.test.context.support.DirtiesContextBeforeModesTestExecutionListener, org.springframework.test.context.support.DependencyInjectionTestExecutionListener, org.springframework.test.context.support.DirtiesContextTestExecutionListener, org.springframework.test.context.transaction.TransactionalTestExecutionListener, org.springframework.test.context.jdbc.SqlScriptsTestExecutionListener]
2018-10-29 09:10:38.856  INFO   --- [main] .b.t.c.SpringBootTestContextBootstrapper : Could not instantiate TestExecutionListener [org.springframework.test.context.jdbc.SqlScriptsTestExecutionListener]. Specify custom listener classes or make the default listener classes (and their required dependencies) available. Offending class: [org/springframework/transaction/interceptor/TransactionAttribute]
2018-10-29 09:10:38.857  INFO   --- [main] .b.t.c.SpringBootTestContextBootstrapper : Could not instantiate TestExecutionListener [org.springframework.test.context.transaction.TransactionalTestExecutionListener]. Specify custom listener classes or make the default listener classes (and their required dependencies) available. Offending class: [org/springframework/transaction/interceptor/TransactionAttributeSource]
2018-10-29 09:10:38.858  INFO   --- [main] .b.t.c.SpringBootTestContextBootstrapper : Using TestExecutionListeners: [org.springframework.test.context.web.ServletTestExecutionListener@53ce1329, org.springframework.test.context.support.DirtiesContextBeforeModesTestExecutionListener@316bcf94, org.springframework.boot.test.autoconfigure.SpringBootDependencyInjectionTestExecutionListener@6404f418, org.springframework.test.context.support.DirtiesContextTestExecutionListener@3e11f9e9, org.springframework.boot.test.autoconfigure.restdocs.RestDocsTestExecutionListener@1de5f259, org.springframework.boot.test.autoconfigure.web.servlet.WebDriverTestExecutionListener@729d991e, org.springframework.boot.test.mock.mockito.ResetMocksTestExecutionListener@31fa1761, org.springframework.boot.test.autoconfigure.web.servlet.MockMvcPrintOnlyOnFailureTestExecutionListener@957e06, org.springframework.boot.test.mock.mockito.MockitoTestExecutionListener@32502377, org.springframework.boot.test.autoconfigure.web.client.MockRestServiceServerResetTestExecutionListener@2c1b194a]
2018-10-29 09:10:39.526  INFO 10492 --- [main] cn.keking.FilePreviewApplicationTests    : Starting FilePreviewApplicationTests on 6HBEIXUXCQTTFQS with PID 10492 (started by Administrator in E:\minespace\springboot-modules\file-web)
2018-10-29 09:10:39.527  INFO 10492 --- [main] cn.keking.FilePreviewApplicationTests    : The following profiles are active: dev
2018-10-29 09:10:39.667  INFO 10492 --- [main] o.s.w.c.s.GenericWebApplicationContext   : Refreshing org.springframework.web.context.support.GenericWebApplicationContext@5170bcf4: startup date [Mon Oct 29 09:10:39 GMT+08:00 2018]; root of context hierarchy
2018-10-29 09:10:42.691  INFO 10492 --- [main] org.redisson.Version                     : Redisson 3.2.0
2018-10-29 09:10:42.970  INFO 10492 --- [nioEventLoopGroup-2-7] o.r.c.pool.SinglePubSubConnectionPool    : 1 connections initialized for /127.0.0.1:6379
2018-10-29 09:10:42.970  INFO 10492 --- [nioEventLoopGroup-2-5] o.r.c.pool.MasterConnectionPool          : 10 connections initialized for /127.0.0.1:6379
2018-10-29 09:10:43.031  INFO 10492 --- [main] cn.keking.service.FileConverQueueTask    : 队列处理文件转换任务启动完成 
2018-10-29 09:10:43.159  INFO 10492 --- [main] o.a.j.office.ProcessPoolOfficeManager    : ProcessManager implementation is PureJavaProcessManager
2018-10-29 09:10:43.164  INFO 10492 --- [OfficeProcessThread-0] o.a.jodconverter.office.OfficeProcess    : starting process with acceptString 'socket,host=127.0.0.1,port=8100,tcpNoDelay=1' and profileDir 'C:\Users\ADMINI~1\AppData\Local\Temp\.jodconverter_socket_host-127.0.0.1_port-8100'
2018-10-29 09:10:43.257  INFO 10492 --- [OfficeProcessThread-0] o.a.jodconverter.office.OfficeProcess    : started process
2018-10-29 09:10:45.628  INFO 10492 --- [OfficeProcessThread-0] o.a.j.office.OfficeConnection            : connected: 'socket,host=127.0.0.1,port=8100,tcpNoDelay=1'
2018-10-29 09:10:46.625  INFO 10492 --- [main] s.w.s.m.m.a.RequestMappingHandlerAdapter : Looking for @ControllerAdvice: org.springframework.web.context.support.GenericWebApplicationContext@5170bcf4: startup date [Mon Oct 29 09:10:39 GMT+08:00 2018]; root of context hierarchy
2018-10-29 09:10:46.735  INFO 10492 --- [main] s.w.s.m.m.a.RequestMappingHandlerMapping : Mapped "{[/listFiles],methods=[GET]}" onto public java.lang.String cn.keking.web.controller.FileController.getFiles() throws com.fasterxml.jackson.core.JsonProcessingException
2018-10-29 09:10:46.739  INFO 10492 --- [main] s.w.s.m.m.a.RequestMappingHandlerMapping : Mapped "{[/deleteFile],methods=[GET]}" onto public java.lang.String cn.keking.web.controller.FileController.deleteFile(java.lang.String) throws com.fasterxml.jackson.core.JsonProcessingException
2018-10-29 09:10:46.742  INFO 10492 --- [main] s.w.s.m.m.a.RequestMappingHandlerMapping : Mapped "{[/fileUpload],methods=[POST]}" onto public java.lang.String cn.keking.web.controller.FileController.fileUpload(org.springframework.web.multipart.MultipartFile,javax.servlet.http.HttpServletRequest) throws com.fasterxml.jackson.core.JsonProcessingException
2018-10-29 09:10:46.744  INFO 10492 --- [main] s.w.s.m.m.a.RequestMappingHandlerMapping : Mapped "{[/],methods=[GET]}" onto public java.lang.String cn.keking.web.controller.IndexController.root()
2018-10-29 09:10:46.745  INFO 10492 --- [main] s.w.s.m.m.a.RequestMappingHandlerMapping : Mapped "{[/index],methods=[GET]}" onto public java.lang.String cn.keking.web.controller.IndexController.go2Index()
2018-10-29 09:10:46.750  INFO 10492 --- [main] s.w.s.m.m.a.RequestMappingHandlerMapping : Mapped "{[/onlinePreview],methods=[GET]}" onto public java.lang.String cn.keking.web.controller.OnlinePreviewController.onlinePreview(java.lang.String,org.springframework.ui.Model,javax.servlet.http.HttpServletRequest)
2018-10-29 09:10:46.752  INFO 10492 --- [main] s.w.s.m.m.a.RequestMappingHandlerMapping : Mapped "{[/getCorsFile],methods=[GET]}" onto public void cn.keking.web.controller.OnlinePreviewController.getCorsFile(java.lang.String,javax.servlet.http.HttpServletResponse)
2018-10-29 09:10:46.753  INFO 10492 --- [main] s.w.s.m.m.a.RequestMappingHandlerMapping : Mapped "{[/picturesPreview],methods=[POST]}" onto public java.lang.String cn.keking.web.controller.OnlinePreviewController.picturesPreview(org.springframework.ui.Model,javax.servlet.http.HttpServletRequest) throws java.io.UnsupportedEncodingException
2018-10-29 09:10:46.755  INFO 10492 --- [main] s.w.s.m.m.a.RequestMappingHandlerMapping : Mapped "{[/picturesPreview],methods=[GET]}" onto public java.lang.String cn.keking.web.controller.OnlinePreviewController.picturesPreview(java.lang.String,java.lang.String,org.springframework.ui.Model,javax.servlet.http.HttpServletRequest) throws java.io.UnsupportedEncodingException
2018-10-29 09:10:46.756  INFO 10492 --- [main] s.w.s.m.m.a.RequestMappingHandlerMapping : Mapped "{[/addTask],methods=[GET]}" onto public java.lang.String cn.keking.web.controller.OnlinePreviewController.addQueueTask(java.lang.String)
2018-10-29 09:10:46.761  INFO 10492 --- [main] s.w.s.m.m.a.RequestMappingHandlerMapping : Mapped "{[/error]}" onto public org.springframework.http.ResponseEntity<java.util.Map<java.lang.String, java.lang.Object>> org.springframework.boot.autoconfigure.web.BasicErrorController.error(javax.servlet.http.HttpServletRequest)
2018-10-29 09:10:46.762  INFO 10492 --- [main] s.w.s.m.m.a.RequestMappingHandlerMapping : Mapped "{[/error],produces=[text/html]}" onto public org.springframework.web.servlet.ModelAndView org.springframework.boot.autoconfigure.web.BasicErrorController.errorHtml(javax.servlet.http.HttpServletRequest,javax.servlet.http.HttpServletResponse)
2018-10-29 09:10:46.815  INFO 10492 --- [main] o.s.w.s.handler.SimpleUrlHandlerMapping  : Mapped URL path [/webjars/**] onto handler of type [class org.springframework.web.servlet.resource.ResourceHttpRequestHandler]
2018-10-29 09:10:46.816  INFO 10492 --- [main] o.s.w.s.handler.SimpleUrlHandlerMapping  : Mapped URL path [/**] onto handler of type [class org.springframework.web.servlet.resource.ResourceHttpRequestHandler]
2018-10-29 09:10:46.905  INFO 10492 --- [main] o.s.w.s.handler.SimpleUrlHandlerMapping  : Mapped URL path [/**/favicon.ico] onto handler of type [class org.springframework.web.servlet.resource.ResourceHttpRequestHandler]
2018-10-29 09:10:47.436  INFO 10492 --- [main] o.s.w.s.v.f.FreeMarkerConfigurer         : ClassTemplateLoader for Spring macros added to FreeMarker configuration
2018-10-29 09:10:47.630  INFO 10492 --- [main] cn.keking.FilePreviewApplicationTests    : Started FilePreviewApplicationTests in 8.605 seconds (JVM running for 10.388)
2018-10-29 09:10:47.702  INFO 10492 --- [Thread-3] o.s.w.c.s.GenericWebApplicationContext   : Closing org.springframework.web.context.support.GenericWebApplicationContext@5170bcf4: startup date [Mon Oct 29 09:10:39 GMT+08:00 2018]; root of context hierarchy
2018-11-23 14:13:30.852  INFO 7944 --- [main] cn.keking.FilePreviewApplication         : Starting FilePreviewApplication on 6HBEIXUXCQTTFQS with PID 7944 (E:\minespace\springboot-modules\file-web\target\classes started by Administrator in E:\minespace\springboot-modules\file-web)
2018-11-23 14:13:30.932  INFO 7944 --- [main] cn.keking.FilePreviewApplication         : The following profiles are active: dev
2018-11-23 14:13:31.090  INFO 7944 --- [main] ationConfigEmbeddedWebApplicationContext : Refreshing org.springframework.boot.context.embedded.AnnotationConfigEmbeddedWebApplicationContext@5f9678e1: startup date [Fri Nov 23 14:13:31 GMT+08:00 2018]; root of context hierarchy
